[2016-07-20 21:51:13] production.ERROR: PDOException: SQLSTATE[HY000] [1045] Access denied for user 'root'@'localhost' (using password: NO) in /Applications/MAMP/htdocs/vendor/laravel/framework/src/Illuminate/Database/Connectors/Connector.php:55
Stack trace:
#0 /Applications/MAMP/htdocs/vendor/laravel/framework/src/Illuminate/Database/Connectors/Connector.php(55): PDO->__construct('mysql:host=loca...', 'root', '', Array)
#1 /Applications/MAMP/htdocs/vendor/laravel/framework/src/Illuminate/Database/Connectors/MySqlConnector.php(22): Illuminate\Database\Connectors\Connector->createConnection('mysql:host=loca...', Array, Array)
#2 /Applications/MAMP/htdocs/vendor/laravel/framework/src/Illuminate/Database/Connectors/ConnectionFactory.php(60): Illuminate\Database\Connectors\MySqlConnector->connect(Array)
#3 /Applications/MAMP/htdocs/vendor/laravel/framework/src/Illuminate/Database/Connectors/ConnectionFactory.php(49): Illuminate\Database\Connectors\ConnectionFactory->createSingleConnection(Array)
#4 /Applications/MAMP/htdocs/vendor/laravel/framework/src/Illuminate/Database/DatabaseManager.php(175): Illuminate\Database\Connectors\ConnectionFactory->make(Array, 'mysql')
#5 /Applications/MAMP/htdocs/vendor/laravel/framework/src/Illuminate/Database/DatabaseManager.php(67): Illuminate\Database\DatabaseManager->makeConnection('mysql')
#6 /Applications/MAMP/htdocs/vendor/laravel/framework/src/Illuminate/Database/DatabaseManager.php(296): Illuminate\Database\DatabaseManager->connection()
#7 /Applications/MAMP/htdocs/vendor/laravel/framework/src/Illuminate/Support/Facades/Facade.php(215): Illuminate\Database\DatabaseManager->__call('table', Array)
#8 /Applications/MAMP/htdocs/app/Models/Taggable.php(19): Illuminate\Support\Facades\Facade::__callStatic('table', Array)
#9 /Applications/MAMP/htdocs/app/Models/Taggable.php(31): App\Models\Taggable::hottest(25)
#10 /Applications/MAMP/htdocs/vendor/laravel/framework/src/Illuminate/Cache/Repository.php(206): App\Models\Taggable::App\Models\{closure}()
#11 [internal function]: Illuminate\Cache\Repository->remember('hot_tags', 10, Object(Closure))
#12 /Applications/MAMP/htdocs/vendor/laravel/framework/src/Illuminate/Cache/CacheManager.php(318): call_user_func_array(Array, Array)
#13 /Applications/MAMP/htdocs/vendor/laravel/framework/src/Illuminate/Support/Facades/Facade.php(219): Illuminate\Cache\CacheManager->__call('remember', Array)
#14 /Applications/MAMP/htdocs/app/Models/Taggable.php(37): Illuminate\Support\Facades\Facade::__callStatic('remember', Array)
#15 /Applications/MAMP/htdocs/app/Http/Controllers/IndexController.php(36): App\Models\Taggable::globalHotTags()
#16 [internal function]: App\Http\Controllers\IndexController->index()
#17 /Applications/MAMP/htdocs/vendor/laravel/framework/src/Illuminate/Routing/Controller.php(256): call_user_func_array(Array, Array)
#18 /Applications/MAMP/htdocs/vendor/laravel/framework/src/Illuminate/Routing/ControllerDispatcher.php(164): Illuminate\Routing\Controller->callAction('index', Array)
#19 /Applications/MAMP/htdocs/vendor/laravel/framework/src/Illuminate/Routing/ControllerDispatcher.php(112): Illuminate\Routing\ControllerDispatcher->call(Object(App\Http\Controllers\IndexController), Object(Illuminate\Routing\Route), 'index')
#20 [internal function]: Illuminate\Routing\ControllerDispatcher->Illuminate\Routing\{closure}(Object(Illuminate\Http\Request))
#21 /Applications/MAMP/htdocs/vendor/laravel/framework/src/Illuminate/Pipeline/Pipeline.php(139): call_user_func(Object(Closure), Object(Illuminate\Http\Request))
#22 [internal function]: Illuminate\Pipeline\Pipeline->Illuminate\Pipeline\{closure}(Object(Illuminate\Http\Request))
#23 /Applications/MAMP/htdocs/vendor/laravel/framework/src/Illuminate/Pipeline/Pipeline.php(102): call_user_func(Object(Closure), Object(Illuminate\Http\Request))
#24 /Applications/MAMP/htdocs/vendor/laravel/framework/src/Illuminate/Routing/ControllerDispatcher.php(114): Illuminate\Pipeline\Pipeline->then(Object(Closure))
#25 /Applications/MAMP/htdocs/vendor/laravel/framework/src/Illuminate/Routing/ControllerDispatcher.php(67): Illuminate\Routing\ControllerDispatcher->callWithinStack(Object(App\Http\Controllers\IndexController), Object(Illuminate\Routing\Route), Object(Illuminate\Http\Request), 'index')
#26 /Applications/MAMP/htdocs/vendor/laravel/framework/src/Illuminate/Routing/Route.php(203): Illuminate\Routing\ControllerDispatcher->dispatch(Object(Illuminate\Routing\Route), Object(Illuminate\Http\Request), 'App\\Http\\Contro...', 'index')
#27 /Applications/MAMP/htdocs/vendor/laravel/framework/src/Illuminate/Routing/Route.php(134): Illuminate\Routing\Route->runWithCustomDispatcher(Object(Illuminate\Http\Request))
#28 /Applications/MAMP/htdocs/vendor/laravel/framework/src/Illuminate/Routing/Router.php(708): Illuminate\Routing\Route->run(Object(Illuminate\Http\Request))
#29 [internal function]: Illuminate\Routing\Router->Illuminate\Routing\{closure}(Object(Illuminate\Http\Request))
#30 /Applications/MAMP/htdocs/vendor/laravel/framework/src/Illuminate/Pipeline/Pipeline.php(139): call_user_func(Object(Closure), Object(Illuminate\Http\Request))
#31 [internal function]: Illuminate\Pipeline\Pipeline->Illuminate\Pipeline\{closure}(Object(Illuminate\Http\Request))
#32 /Applications/MAMP/htdocs/vendor/laravel/framework/src/Illuminate/Pipeline/Pipeline.php(102): call_user_func(Object(Closure), Object(Illuminate\Http\Request))
#33 /Applications/MAMP/htdocs/vendor/laravel/framework/src/Illuminate/Routing/Router.php(710): Illuminate\Pipeline\Pipeline->then(Object(Closure))
#34 /Applications/MAMP/htdocs/vendor/laravel/framework/src/Illuminate/Routing/Router.php(673): Illuminate\Routing\Router->runRouteWithinStack(Object(Illuminate\Routing\Route), Object(Illuminate\Http\Request))
#35 /Applications/MAMP/htdocs/vendor/laravel/framework/src/Illuminate/Routing/Router.php(635): Illuminate\Routing\Router->dispatchToRoute(Object(Illuminate\Http\Request))
#36 /Applications/MAMP/htdocs/vendor/laravel/framework/src/Illuminate/Foundation/Http/Kernel.php(236): Illuminate\Routing\Router->dispatch(Object(Illuminate\Http\Request))
#37 [internal function]: Illuminate\Foundation\Http\Kernel->Illuminate\Foundation\Http\{closure}(Object(Illuminate\Http\Request))
#38 /Applications/MAMP/htdocs/vendor/laravel/framework/src/Illuminate/Pipeline/Pipeline.php(139): call_user_func(Object(Closure), Object(Illuminate\Http\Request))
#39 /Applications/MAMP/htdocs/vendor/laravel/framework/src/Illuminate/Foundation/Http/Middleware/VerifyCsrfToken.php(50): Illuminate\Pipeline\Pipeline->Illuminate\Pipeline\{closure}(Object(Illuminate\Http\Request))
#40 [internal function]: Illuminate\Foundation\Http\Middleware\VerifyCsrfToken->handle(Object(Illuminate\Http\Request), Object(Closure))
#41 /Applications/MAMP/htdocs/vendor/laravel/framework/src/Illuminate/Pipeline/Pipeline.php(124): call_user_func_array(Array, Array)
#42 /Applications/MAMP/htdocs/vendor/laravel/framework/src/Illuminate/View/Middleware/ShareErrorsFromSession.php(49): Illuminate\Pipeline\Pipeline->Illuminate\Pipeline\{closure}(Object(Illuminate\Http\Request))
#43 [internal function]: Illuminate\View\Middleware\ShareErrorsFromSession->handle(Object(Illuminate\Http\Request), Object(Closure))
#44 /Applications/MAMP/htdocs/vendor/laravel/framework/src/Illuminate/Pipeline/Pipeline.php(124): call_user_func_array(Array, Array)
#45 /Applications/MAMP/htdocs/vendor/laravel/framework/src/Illuminate/Session/Middleware/StartSession.php(62): Illuminate\Pipeline\Pipeline->Illuminate\Pipeline\{closure}(Object(Illuminate\Http\Request))
#46 [internal function]: Illuminate\Session\Middleware\StartSession->handle(Object(Illuminate\Http\Request), Object(Closure))
#47 /Applications/MAMP/htdocs/vendor/laravel/framework/src/Illuminate/Pipeline/Pipeline.php(124): call_user_func_array(Array, Array)
#48 /Applications/MAMP/htdocs/vendor/laravel/framework/src/Illuminate/Cookie/Middleware/AddQueuedCookiesToResponse.php(37): Illuminate\Pipeline\Pipeline->Illuminate\Pipeline\{closure}(Object(Illuminate\Http\Request))
#49 [internal function]: Illuminate\Cookie\Middleware\AddQueuedCookiesToResponse->handle(Object(Illuminate\Http\Request), Object(Closure))
#50 /Applications/MAMP/htdocs/vendor/laravel/framework/src/Illuminate/Pipeline/Pipeline.php(124): call_user_func_array(Array, Array)
#51 /Applications/MAMP/htdocs/vendor/laravel/framework/src/Illuminate/Cookie/Middleware/EncryptCookies.php(59): Illuminate\Pipeline\Pipeline->Illuminate\Pipeline\{closure}(Object(Illuminate\Http\Request))
#52 [internal function]: Illuminate\Cookie\Middleware\EncryptCookies->handle(Object(Illuminate\Http\Request), Object(Closure))
#53 /Applications/MAMP/htdocs/vendor/laravel/framework/src/Illuminate/Pipeline/Pipeline.php(124): call_user_func_array(Array, Array)
#54 /Applications/MAMP/htdocs/vendor/laravel/framework/src/Illuminate/Foundation/Http/Middleware/CheckForMaintenanceMode.php(44): Illuminate\Pipeline\Pipeline->Illuminate\Pipeline\{closure}(Object(Illuminate\Http\Request))
#55 [internal function]: Illuminate\Foundation\Http\Middleware\CheckForMaintenanceMode->handle(Object(Illuminate\Http\Request), Object(Closure))
#56 /Applications/MAMP/htdocs/vendor/laravel/framework/src/Illuminate/Pipeline/Pipeline.php(124): call_user_func_array(Array, Array)
#57 [internal function]: Illuminate\Pipeline\Pipeline->Illuminate\Pipeline\{closure}(Object(Illuminate\Http\Request))
#58 /Applications/MAMP/htdocs/vendor/laravel/framework/src/Illuminate/Pipeline/Pipeline.php(102): call_user_func(Object(Closure), Object(Illuminate\Http\Request))
#59 /Applications/MAMP/htdocs/vendor/laravel/framework/src/Illuminate/Foundation/Http/Kernel.php(122): Illuminate\Pipeline\Pipeline->then(Object(Closure))
#60 /Applications/MAMP/htdocs/vendor/laravel/framework/src/Illuminate/Foundation/Http/Kernel.php(87): Illuminate\Foundation\Http\Kernel->sendRequestThroughRouter(Object(Illuminate\Http\Request))
#61 /Applications/MAMP/htdocs/public/index.php(53): Illuminate\Foundation\Http\Kernel->handle(Object(Illuminate\Http\Request))
#62 {main}  
[2016-07-20 21:51:51] production.ERROR: PDOException: SQLSTATE[HY000] [1045] Access denied for user 'root'@'localhost' (using password: NO) in /Applications/MAMP/htdocs/vendor/laravel/framework/src/Illuminate/Database/Connectors/Connector.php:55
Stack trace:
#0 /Applications/MAMP/htdocs/vendor/laravel/framework/src/Illuminate/Database/Connectors/Connector.php(55): PDO->__construct('mysql:host=loca...', 'root', '', Array)
#1 /Applications/MAMP/htdocs/vendor/laravel/framework/src/Illuminate/Database/Connectors/MySqlConnector.php(22): Illuminate\Database\Connectors\Connector->createConnection('mysql:host=loca...', Array, Array)
#2 /Applications/MAMP/htdocs/vendor/laravel/framework/src/Illuminate/Database/Connectors/ConnectionFactory.php(60): Illuminate\Database\Connectors\MySqlConnector->connect(Array)
#3 /Applications/MAMP/htdocs/vendor/laravel/framework/src/Illuminate/Database/Connectors/ConnectionFactory.php(49): Illuminate\Database\Connectors\ConnectionFactory->createSingleConnection(Array)
#4 /Applications/MAMP/htdocs/vendor/laravel/framework/src/Illuminate/Database/DatabaseManager.php(175): Illuminate\Database\Connectors\ConnectionFactory->make(Array, 'mysql')
#5 /Applications/MAMP/htdocs/vendor/laravel/framework/src/Illuminate/Database/DatabaseManager.php(67): Illuminate\Database\DatabaseManager->makeConnection('mysql')
#6 /Applications/MAMP/htdocs/vendor/laravel/framework/src/Illuminate/Database/DatabaseManager.php(296): Illuminate\Database\DatabaseManager->connection()
#7 /Applications/MAMP/htdocs/vendor/laravel/framework/src/Illuminate/Support/Facades/Facade.php(215): Illuminate\Database\DatabaseManager->__call('table', Array)
#8 /Applications/MAMP/htdocs/app/Models/Taggable.php(19): Illuminate\Support\Facades\Facade::__callStatic('table', Array)
#9 /Applications/MAMP/htdocs/app/Models/Taggable.php(31): App\Models\Taggable::hottest(25)
#10 /Applications/MAMP/htdocs/vendor/laravel/framework/src/Illuminate/Cache/Repository.php(206): App\Models\Taggable::App\Models\{closure}()
#11 [internal function]: Illuminate\Cache\Repository->remember('hot_tags', 10, Object(Closure))
#12 /Applications/MAMP/htdocs/vendor/laravel/framework/src/Illuminate/Cache/CacheManager.php(318): call_user_func_array(Array, Array)
#13 /Applications/MAMP/htdocs/vendor/laravel/framework/src/Illuminate/Support/Facades/Facade.php(219): Illuminate\Cache\CacheManager->__call('remember', Array)
#14 /Applications/MAMP/htdocs/app/Models/Taggable.php(37): Illuminate\Support\Facades\Facade::__callStatic('remember', Array)
#15 /Applications/MAMP/htdocs/app/Http/Controllers/IndexController.php(36): App\Models\Taggable::globalHotTags()
#16 [internal function]: App\Http\Controllers\IndexController->index()
#17 /Applications/MAMP/htdocs/vendor/laravel/framework/src/Illuminate/Routing/Controller.php(256): call_user_func_array(Array, Array)
#18 /Applications/MAMP/htdocs/vendor/laravel/framework/src/Illuminate/Routing/ControllerDispatcher.php(164): Illuminate\Routing\Controller->callAction('index', Array)
#19 /Applications/MAMP/htdocs/vendor/laravel/framework/src/Illuminate/Routing/ControllerDispatcher.php(112): Illuminate\Routing\ControllerDispatcher->call(Object(App\Http\Controllers\IndexController), Object(Illuminate\Routing\Route), 'index')
#20 [internal function]: Illuminate\Routing\ControllerDispatcher->Illuminate\Routing\{closure}(Object(Illuminate\Http\Request))
#21 /Applications/MAMP/htdocs/vendor/laravel/framework/src/Illuminate/Pipeline/Pipeline.php(139): call_user_func(Object(Closure), Object(Illuminate\Http\Request))
#22 [internal function]: Illuminate\Pipeline\Pipeline->Illuminate\Pipeline\{closure}(Object(Illuminate\Http\Request))
#23 /Applications/MAMP/htdocs/vendor/laravel/framework/src/Illuminate/Pipeline/Pipeline.php(102): call_user_func(Object(Closure), Object(Illuminate\Http\Request))
#24 /Applications/MAMP/htdocs/vendor/laravel/framework/src/Illuminate/Routing/ControllerDispatcher.php(114): Illuminate\Pipeline\Pipeline->then(Object(Closure))
#25 /Applications/MAMP/htdocs/vendor/laravel/framework/src/Illuminate/Routing/ControllerDispatcher.php(67): Illuminate\Routing\ControllerDispatcher->callWithinStack(Object(App\Http\Controllers\IndexController), Object(Illuminate\Routing\Route), Object(Illuminate\Http\Request), 'index')
#26 /Applications/MAMP/htdocs/vendor/laravel/framework/src/Illuminate/Routing/Route.php(203): Illuminate\Routing\ControllerDispatcher->dispatch(Object(Illuminate\Routing\Route), Object(Illuminate\Http\Request), 'App\\Http\\Contro...', 'index')
#27 /Applications/MAMP/htdocs/vendor/laravel/framework/src/Illuminate/Routing/Route.php(134): Illuminate\Routing\Route->runWithCustomDispatcher(Object(Illuminate\Http\Request))
#28 /Applications/MAMP/htdocs/vendor/laravel/framework/src/Illuminate/Routing/Router.php(708): Illuminate\Routing\Route->run(Object(Illuminate\Http\Request))
#29 [internal function]: Illuminate\Routing\Router->Illuminate\Routing\{closure}(Object(Illuminate\Http\Request))
#30 /Applications/MAMP/htdocs/vendor/laravel/framework/src/Illuminate/Pipeline/Pipeline.php(139): call_user_func(Object(Closure), Object(Illuminate\Http\Request))
#31 [internal function]: Illuminate\Pipeline\Pipeline->Illuminate\Pipeline\{closure}(Object(Illuminate\Http\Request))
#32 /Applications/MAMP/htdocs/vendor/laravel/framework/src/Illuminate/Pipeline/Pipeline.php(102): call_user_func(Object(Closure), Object(Illuminate\Http\Request))
#33 /Applications/MAMP/htdocs/vendor/laravel/framework/src/Illuminate/Routing/Router.php(710): Illuminate\Pipeline\Pipeline->then(Object(Closure))
#34 /Applications/MAMP/htdocs/vendor/laravel/framework/src/Illuminate/Routing/Router.php(673): Illuminate\Routing\Router->runRouteWithinStack(Object(Illuminate\Routing\Route), Object(Illuminate\Http\Request))
#35 /Applications/MAMP/htdocs/vendor/laravel/framework/src/Illuminate/Routing/Router.php(635): Illuminate\Routing\Router->dispatchToRoute(Object(Illuminate\Http\Request))
#36 /Applications/MAMP/htdocs/vendor/laravel/framework/src/Illuminate/Foundation/Http/Kernel.php(236): Illuminate\Routing\Router->dispatch(Object(Illuminate\Http\Request))
#37 [internal function]: Illuminate\Foundation\Http\Kernel->Illuminate\Foundation\Http\{closure}(Object(Illuminate\Http\Request))
#38 /Applications/MAMP/htdocs/vendor/laravel/framework/src/Illuminate/Pipeline/Pipeline.php(139): call_user_func(Object(Closure), Object(Illuminate\Http\Request))
#39 /Applications/MAMP/htdocs/vendor/laravel/framework/src/Illuminate/Foundation/Http/Middleware/VerifyCsrfToken.php(50): Illuminate\Pipeline\Pipeline->Illuminate\Pipeline\{closure}(Object(Illuminate\Http\Request))
#40 [internal function]: Illuminate\Foundation\Http\Middleware\VerifyCsrfToken->handle(Object(Illuminate\Http\Request), Object(Closure))
#41 /Applications/MAMP/htdocs/vendor/laravel/framework/src/Illuminate/Pipeline/Pipeline.php(124): call_user_func_array(Array, Array)
#42 /Applications/MAMP/htdocs/vendor/laravel/framework/src/Illuminate/View/Middleware/ShareErrorsFromSession.php(49): Illuminate\Pipeline\Pipeline->Illuminate\Pipeline\{closure}(Object(Illuminate\Http\Request))
#43 [internal function]: Illuminate\View\Middleware\ShareErrorsFromSession->handle(Object(Illuminate\Http\Request), Object(Closure))
#44 /Applications/MAMP/htdocs/vendor/laravel/framework/src/Illuminate/Pipeline/Pipeline.php(124): call_user_func_array(Array, Array)
#45 /Applications/MAMP/htdocs/vendor/laravel/framework/src/Illuminate/Session/Middleware/StartSession.php(62): Illuminate\Pipeline\Pipeline->Illuminate\Pipeline\{closure}(Object(Illuminate\Http\Request))
#46 [internal function]: Illuminate\Session\Middleware\StartSession->handle(Object(Illuminate\Http\Request), Object(Closure))
#47 /Applications/MAMP/htdocs/vendor/laravel/framework/src/Illuminate/Pipeline/Pipeline.php(124): call_user_func_array(Array, Array)
#48 /Applications/MAMP/htdocs/vendor/laravel/framework/src/Illuminate/Cookie/Middleware/AddQueuedCookiesToResponse.php(37): Illuminate\Pipeline\Pipeline->Illuminate\Pipeline\{closure}(Object(Illuminate\Http\Request))
#49 [internal function]: Illuminate\Cookie\Middleware\AddQueuedCookiesToResponse->handle(Object(Illuminate\Http\Request), Object(Closure))
#50 /Applications/MAMP/htdocs/vendor/laravel/framework/src/Illuminate/Pipeline/Pipeline.php(124): call_user_func_array(Array, Array)
#51 /Applications/MAMP/htdocs/vendor/laravel/framework/src/Illuminate/Cookie/Middleware/EncryptCookies.php(59): Illuminate\Pipeline\Pipeline->Illuminate\Pipeline\{closure}(Object(Illuminate\Http\Request))
#52 [internal function]: Illuminate\Cookie\Middleware\EncryptCookies->handle(Object(Illuminate\Http\Request), Object(Closure))
#53 /Applications/MAMP/htdocs/vendor/laravel/framework/src/Illuminate/Pipeline/Pipeline.php(124): call_user_func_array(Array, Array)
#54 /Applications/MAMP/htdocs/vendor/laravel/framework/src/Illuminate/Foundation/Http/Middleware/CheckForMaintenanceMode.php(44): Illuminate\Pipeline\Pipeline->Illuminate\Pipeline\{closure}(Object(Illuminate\Http\Request))
#55 [internal function]: Illuminate\Foundation\Http\Middleware\CheckForMaintenanceMode->handle(Object(Illuminate\Http\Request), Object(Closure))
#56 /Applications/MAMP/htdocs/vendor/laravel/framework/src/Illuminate/Pipeline/Pipeline.php(124): call_user_func_array(Array, Array)
#57 [internal function]: Illuminate\Pipeline\Pipeline->Illuminate\Pipeline\{closure}(Object(Illuminate\Http\Request))
#58 /Applications/MAMP/htdocs/vendor/laravel/framework/src/Illuminate/Pipeline/Pipeline.php(102): call_user_func(Object(Closure), Object(Illuminate\Http\Request))
#59 /Applications/MAMP/htdocs/vendor/laravel/framework/src/Illuminate/Foundation/Http/Kernel.php(122): Illuminate\Pipeline\Pipeline->then(Object(Closure))
#60 /Applications/MAMP/htdocs/vendor/laravel/framework/src/Illuminate/Foundation/Http/Kernel.php(87): Illuminate\Foundation\Http\Kernel->sendRequestThroughRouter(Object(Illuminate\Http\Request))
#61 /Applications/MAMP/htdocs/public/index.php(53): Illuminate\Foundation\Http\Kernel->handle(Object(Illuminate\Http\Request))
#62 {main}  
